Analysis & Synthesis report for ProyectoDigitales_G3
Thu Sep 10 16:55:59 2020
Quartus Prime Version 19.1.0 Build 670 09/22/2019 SJ Lite Edition


---------------------
; Table of Contents ;
---------------------
  1. Legal Notice
  2. Analysis & Synthesis Summary
  3. Analysis & Synthesis Settings
  4. Parallel Compilation
  5. Analysis & Synthesis Source Files Read
  6. Analysis & Synthesis Resource Usage Summary
  7. Analysis & Synthesis Resource Utilization by Entity
  8. General Register Statistics
  9. Multiplexer Restructuring Statistics (Restructuring Performed)
 10. Parameter Settings for User Entity Instance: 7485:inst28
 11. Port Connectivity Checks: "f3:inst10|sum:U2"
 12. Port Connectivity Checks: "f3:inst10|comparador:U1"
 13. Post-Synthesis Netlist Statistics for Top Partition
 14. Elapsed Time Per Partition
 15. Analysis & Synthesis Messages



----------------
; Legal Notice ;
----------------
Copyright (C) 2019  Intel Corporation. All rights reserved.
Your use of Intel Corporation's design tools, logic functions 
and other software and tools, and any partner logic 
functions, and any output files from any of the foregoing 
(including device programming or simulation files), and any 
associated documentation or information are expressly subject 
to the terms and conditions of the Intel Program License 
Subscription Agreement, the Intel Quartus Prime License Agreement,
the Intel FPGA IP License Agreement, or other applicable license
agreement, including, without limitation, that your use is for
the sole purpose of programming logic devices manufactured by
Intel and sold by Intel or its authorized distributors.  Please
refer to the applicable agreement for further details, at
https://fpgasoftware.intel.com/eula.



+-------------------------------------------------------------------------------+
; Analysis & Synthesis Summary                                                  ;
+---------------------------------+---------------------------------------------+
; Analysis & Synthesis Status     ; Successful - Thu Sep 10 16:55:59 2020       ;
; Quartus Prime Version           ; 19.1.0 Build 670 09/22/2019 SJ Lite Edition ;
; Revision Name                   ; ProyectoDigitales_G3                        ;
; Top-level Entity Name           ; Circuito                                    ;
; Family                          ; Cyclone V                                   ;
; Logic utilization (in ALMs)     ; N/A                                         ;
; Total registers                 ; 0                                           ;
; Total pins                      ; 18                                          ;
; Total virtual pins              ; 0                                           ;
; Total block memory bits         ; 0                                           ;
; Total DSP Blocks                ; 0                                           ;
; Total HSSI RX PCSs              ; 0                                           ;
; Total HSSI PMA RX Deserializers ; 0                                           ;
; Total HSSI TX PCSs              ; 0                                           ;
; Total HSSI PMA TX Serializers   ; 0                                           ;
; Total PLLs                      ; 0                                           ;
; Total DLLs                      ; 0                                           ;
+---------------------------------+---------------------------------------------+


+-----------------------------------------------------------------------------------------------------------------------------+
; Analysis & Synthesis Settings                                                                                               ;
+---------------------------------------------------------------------------------+--------------------+----------------------+
; Option                                                                          ; Setting            ; Default Value        ;
+---------------------------------------------------------------------------------+--------------------+----------------------+
; Device                                                                          ; 5CGXFC7C7F23C8     ;                      ;
; Top-level entity name                                                           ; Circuito           ; ProyectoDigitales_G3 ;
; Family name                                                                     ; Cyclone V          ; Cyclone V            ;
; Use smart compilation                                                           ; Off                ; Off                  ;
; Enable parallel Assembler and Timing Analyzer during compilation                ; On                 ; On                   ;
; Enable compact report table                                                     ; Off                ; Off                  ;
; Restructure Multiplexers                                                        ; Auto               ; Auto                 ;
; MLAB Add Timing Constraints For Mixed-Port Feed-Through Mode Setting Don't Care ; Off                ; Off                  ;
; Create Debugging Nodes for IP Cores                                             ; Off                ; Off                  ;
; Preserve fewer node names                                                       ; On                 ; On                   ;
; Intel FPGA IP Evaluation Mode                                                   ; Enable             ; Enable               ;
; Verilog Version                                                                 ; Verilog_2001       ; Verilog_2001         ;
; VHDL Version                                                                    ; VHDL_1993          ; VHDL_1993            ;
; State Machine Processing                                                        ; Auto               ; Auto                 ;
; Safe State Machine                                                              ; Off                ; Off                  ;
; Extract Verilog State Machines                                                  ; On                 ; On                   ;
; Extract VHDL State Machines                                                     ; On                 ; On                   ;
; Ignore Verilog initial constructs                                               ; Off                ; Off                  ;
; Iteration limit for constant Verilog loops                                      ; 5000               ; 5000                 ;
; Iteration limit for non-constant Verilog loops                                  ; 250                ; 250                  ;
; Add Pass-Through Logic to Inferred RAMs                                         ; On                 ; On                   ;
; Infer RAMs from Raw Logic                                                       ; On                 ; On                   ;
; Parallel Synthesis                                                              ; On                 ; On                   ;
; DSP Block Balancing                                                             ; Auto               ; Auto                 ;
; NOT Gate Push-Back                                                              ; On                 ; On                   ;
; Power-Up Don't Care                                                             ; On                 ; On                   ;
; Remove Redundant Logic Cells                                                    ; Off                ; Off                  ;
; Remove Duplicate Registers                                                      ; On                 ; On                   ;
; Ignore CARRY Buffers                                                            ; Off                ; Off                  ;
; Ignore CASCADE Buffers                                                          ; Off                ; Off                  ;
; Ignore GLOBAL Buffers                                                           ; Off                ; Off                  ;
; Ignore ROW GLOBAL Buffers                                                       ; Off                ; Off                  ;
; Ignore LCELL Buffers                                                            ; Off                ; Off                  ;
; Ignore SOFT Buffers                                                             ; On                 ; On                   ;
; Limit AHDL Integers to 32 Bits                                                  ; Off                ; Off                  ;
; Optimization Technique                                                          ; Balanced           ; Balanced             ;
; Carry Chain Length                                                              ; 70                 ; 70                   ;
; Auto Carry Chains                                                               ; On                 ; On                   ;
; Auto Open-Drain Pins                                                            ; On                 ; On                   ;
; Perform WYSIWYG Primitive Resynthesis                                           ; Off                ; Off                  ;
; Auto ROM Replacement                                                            ; On                 ; On                   ;
; Auto RAM Replacement                                                            ; On                 ; On                   ;
; Auto DSP Block Replacement                                                      ; On                 ; On                   ;
; Auto Shift Register Replacement                                                 ; Auto               ; Auto                 ;
; Allow Shift Register Merging across Hierarchies                                 ; Auto               ; Auto                 ;
; Auto Clock Enable Replacement                                                   ; On                 ; On                   ;
; Strict RAM Replacement                                                          ; Off                ; Off                  ;
; Allow Synchronous Control Signals                                               ; On                 ; On                   ;
; Force Use of Synchronous Clear Signals                                          ; Off                ; Off                  ;
; Auto Resource Sharing                                                           ; Off                ; Off                  ;
; Allow Any RAM Size For Recognition                                              ; Off                ; Off                  ;
; Allow Any ROM Size For Recognition                                              ; Off                ; Off                  ;
; Allow Any Shift Register Size For Recognition                                   ; Off                ; Off                  ;
; Use LogicLock Constraints during Resource Balancing                             ; On                 ; On                   ;
; Ignore translate_off and synthesis_off directives                               ; Off                ; Off                  ;
; Timing-Driven Synthesis                                                         ; On                 ; On                   ;
; Report Parameter Settings                                                       ; On                 ; On                   ;
; Report Source Assignments                                                       ; On                 ; On                   ;
; Report Connectivity Checks                                                      ; On                 ; On                   ;
; Ignore Maximum Fan-Out Assignments                                              ; Off                ; Off                  ;
; Synchronization Register Chain Length                                           ; 3                  ; 3                    ;
; Power Optimization During Synthesis                                             ; Normal compilation ; Normal compilation   ;
; HDL message level                                                               ; Level2             ; Level2               ;
; Suppress Register Optimization Related Messages                                 ; Off                ; Off                  ;
; Number of Removed Registers Reported in Synthesis Report                        ; 5000               ; 5000                 ;
; Number of Swept Nodes Reported in Synthesis Report                              ; 5000               ; 5000                 ;
; Number of Inverted Registers Reported in Synthesis Report                       ; 100                ; 100                  ;
; Clock MUX Protection                                                            ; On                 ; On                   ;
; Auto Gated Clock Conversion                                                     ; Off                ; Off                  ;
; Block Design Naming                                                             ; Auto               ; Auto                 ;
; SDC constraint protection                                                       ; Off                ; Off                  ;
; Synthesis Effort                                                                ; Auto               ; Auto                 ;
; Shift Register Replacement - Allow Asynchronous Clear Signal                    ; On                 ; On                   ;
; Pre-Mapping Resynthesis Optimization                                            ; Off                ; Off                  ;
; Analysis & Synthesis Message Level                                              ; Medium             ; Medium               ;
; Disable Register Merging Across Hierarchies                                     ; Auto               ; Auto                 ;
; Resource Aware Inference For Block RAM                                          ; On                 ; On                   ;
; Automatic Parallel Synthesis                                                    ; On                 ; On                   ;
; Partial Reconfiguration Bitstream ID                                            ; Off                ; Off                  ;
+---------------------------------------------------------------------------------+--------------------+----------------------+


+------------------------------------------+
; Parallel Compilation                     ;
+----------------------------+-------------+
; Processors                 ; Number      ;
+----------------------------+-------------+
; Number detected on machine ; 8           ;
; Maximum allowed            ; 8           ;
;                            ;             ;
; Average used               ; 1.00        ;
; Maximum used               ; 1           ;
;                            ;             ;
; Usage by Processor         ; % Time Used ;
;     Processor 1            ; 100.0%      ;
+----------------------------+-------------+


+------------------------------------------------------------------------------------------------------------------------------------------------------------------------+
; Analysis & Synthesis Source Files Read                                                                                                                                 ;
+----------------------------------+-----------------+------------------------------------+--------------------------------------------------------------------+---------+
; File Name with User-Entered Path ; Used in Netlist ; File Type                          ; File Name with Absolute Path                                       ; Library ;
+----------------------------------+-----------------+------------------------------------+--------------------------------------------------------------------+---------+
; SUM.vhd                          ; yes             ; User VHDL File                     ; C:/Users/kuinc/Desktop/Proyecto digitales/SUM.vhd                  ;         ;
; MUX_2a1.vhd                      ; yes             ; User VHDL File                     ; C:/Users/kuinc/Desktop/Proyecto digitales/MUX_2a1.vhd              ;         ;
; comparador.vhd                   ; yes             ; User VHDL File                     ; C:/Users/kuinc/Desktop/Proyecto digitales/comparador.vhd           ;         ;
; gray_converter.vhd               ; yes             ; User VHDL File                     ; C:/Users/kuinc/Desktop/Proyecto digitales/gray_converter.vhd       ;         ;
; F3.vhd                           ; yes             ; User VHDL File                     ; C:/Users/kuinc/Desktop/Proyecto digitales/F3.vhd                   ;         ;
; Circuito.bdf                     ; yes             ; User Block Diagram/Schematic File  ; C:/Users/kuinc/Desktop/Proyecto digitales/Circuito.bdf             ;         ;
; MUX_4a1_7bits.vhd                ; yes             ; User VHDL File                     ; C:/Users/kuinc/Desktop/Proyecto digitales/MUX_4a1_7bits.vhd        ;         ;
; separador.vhd                    ; yes             ; User VHDL File                     ; C:/Users/kuinc/Desktop/Proyecto digitales/separador.vhd            ;         ;
; juntador.vhd                     ; yes             ; User VHDL File                     ; C:/Users/kuinc/Desktop/Proyecto digitales/juntador.vhd             ;         ;
; juntador_1y4.vhd                 ; yes             ; User VHDL File                     ; C:/Users/kuinc/Desktop/Proyecto digitales/juntador_1y4.vhd         ;         ;
; juntador_3y5.vhd                 ; yes             ; User VHDL File                     ; C:/Users/kuinc/Desktop/Proyecto digitales/juntador_3y5.vhd         ;         ;
; 7485.tdf                         ; yes             ; Megafunction                       ; c:/intelfpga_lite/19.1/quartus/libraries/others/maxplus2/7485.tdf  ;         ;
; aglobal.inc                      ; yes             ; Megafunction                       ; c:/intelfpga_lite/19.1/quartus/libraries/megafunctions/aglobal.inc ;         ;
; f7485.bdf                        ; yes             ; Megafunction                       ; c:/intelfpga_lite/19.1/quartus/libraries/others/maxplus2/f7485.bdf ;         ;
; 7483.bdf                         ; yes             ; Megafunction                       ; c:/intelfpga_lite/19.1/quartus/libraries/others/maxplus2/7483.bdf  ;         ;
; 7404.bdf                         ; yes             ; Megafunction                       ; c:/intelfpga_lite/19.1/quartus/libraries/others/maxplus2/7404.bdf  ;         ;
+----------------------------------+-----------------+------------------------------------+--------------------------------------------------------------------+---------+


+----------------------------------------------------------+
; Analysis & Synthesis Resource Usage Summary              ;
+---------------------------------------------+------------+
; Resource                                    ; Usage      ;
+---------------------------------------------+------------+
; Estimate of Logic utilization (ALMs needed) ; 20         ;
;                                             ;            ;
; Combinational ALUT usage for logic          ; 28         ;
;     -- 7 input functions                    ; 4          ;
;     -- 6 input functions                    ; 7          ;
;     -- 5 input functions                    ; 2          ;
;     -- 4 input functions                    ; 3          ;
;     -- <=3 input functions                  ; 12         ;
;                                             ;            ;
; Dedicated logic registers                   ; 0          ;
;                                             ;            ;
; I/O pins                                    ; 18         ;
;                                             ;            ;
; Total DSP Blocks                            ; 0          ;
;                                             ;            ;
; Maximum fan-out node                        ; A[3]~input ;
; Maximum fan-out                             ; 14         ;
; Total fan-out                               ; 149        ;
; Average fan-out                             ; 2.33       ;
+---------------------------------------------+------------+


+--------------------------------------------------------------------------------------------------------------------------------------------------------------------------------------------------------+
; Analysis & Synthesis Resource Utilization by Entity                                                                                                                                                    ;
+----------------------------+---------------------+---------------------------+-------------------+------------+------+--------------+-----------------------------------+---------------+--------------+
; Compilation Hierarchy Node ; Combinational ALUTs ; Dedicated Logic Registers ; Block Memory Bits ; DSP Blocks ; Pins ; Virtual Pins ; Full Hierarchy Name               ; Entity Name   ; Library Name ;
+----------------------------+---------------------+---------------------------+-------------------+------------+------+--------------+-----------------------------------+---------------+--------------+
; |Circuito                  ; 28 (0)              ; 0 (0)                     ; 0                 ; 0          ; 18   ; 0            ; |Circuito                         ; Circuito      ; work         ;
;    |7483:inst30|           ; 1 (1)               ; 0 (0)                     ; 0                 ; 0          ; 0    ; 0            ; |Circuito|7483:inst30             ; 7483          ; work         ;
;    |7485:inst28|           ; 2 (0)               ; 0 (0)                     ; 0                 ; 0          ; 0    ; 0            ; |Circuito|7485:inst28             ; 7485          ; work         ;
;       |f7485:sub|          ; 2 (2)               ; 0 (0)                     ; 0                 ; 0          ; 0    ; 0            ; |Circuito|7485:inst28|f7485:sub   ; f7485         ; work         ;
;    |MUX_2a1:inst42|        ; 2 (2)               ; 0 (0)                     ; 0                 ; 0          ; 0    ; 0            ; |Circuito|MUX_2a1:inst42          ; MUX_2a1       ; work         ;
;    |MUX_4a1_7bits:inst9|   ; 11 (11)             ; 0 (0)                     ; 0                 ; 0          ; 0    ; 0            ; |Circuito|MUX_4a1_7bits:inst9     ; MUX_4a1_7bits ; work         ;
;    |f3:inst10|             ; 4 (1)               ; 0 (0)                     ; 0                 ; 0          ; 0    ; 0            ; |Circuito|f3:inst10               ; f3            ; work         ;
;       |MUX_2a1:U4|         ; 3 (3)               ; 0 (0)                     ; 0                 ; 0          ; 0    ; 0            ; |Circuito|f3:inst10|MUX_2a1:U4    ; MUX_2a1       ; work         ;
;    |f3:inst15|             ; 1 (0)               ; 0 (0)                     ; 0                 ; 0          ; 0    ; 0            ; |Circuito|f3:inst15               ; f3            ; work         ;
;       |comparador:U1|      ; 1 (1)               ; 0 (0)                     ; 0                 ; 0          ; 0    ; 0            ; |Circuito|f3:inst15|comparador:U1 ; comparador    ; work         ;
;    |sum:inst12|            ; 5 (5)               ; 0 (0)                     ; 0                 ; 0          ; 0    ; 0            ; |Circuito|sum:inst12              ; sum           ; work         ;
;    |sum:inst5|             ; 2 (2)               ; 0 (0)                     ; 0                 ; 0          ; 0    ; 0            ; |Circuito|sum:inst5               ; sum           ; work         ;
+----------------------------+---------------------+---------------------------+-------------------+------------+------+--------------+-----------------------------------+---------------+--------------+
Note: For table entries with two numbers listed, the numbers in parentheses indicate the number of resources of the given type used by the specific entity alone. The numbers listed outside of parentheses indicate the total resources of the given type used by the specific entity and all of its sub-entities in the hierarchy.


+------------------------------------------------------+
; General Register Statistics                          ;
+----------------------------------------------+-------+
; Statistic                                    ; Value ;
+----------------------------------------------+-------+
; Total registers                              ; 0     ;
; Number of registers using Synchronous Clear  ; 0     ;
; Number of registers using Synchronous Load   ; 0     ;
; Number of registers using Asynchronous Clear ; 0     ;
; Number of registers using Asynchronous Load  ; 0     ;
; Number of registers using Clock Enable       ; 0     ;
; Number of registers using Preset             ; 0     ;
+----------------------------------------------+-------+


+--------------------------------------------------------------------------------------------------------------------------------------------------+
; Multiplexer Restructuring Statistics (Restructuring Performed)                                                                                   ;
+--------------------+-----------+---------------+----------------------+------------------------+------------+------------------------------------+
; Multiplexer Inputs ; Bus Width ; Baseline Area ; Area if Restructured ; Saving if Restructured ; Registered ; Example Multiplexer Output         ;
+--------------------+-----------+---------------+----------------------+------------------------+------------+------------------------------------+
; 5:1                ; 3 bits    ; 9 LEs         ; 9 LEs                ; 0 LEs                  ; No         ; |Circuito|MUX_4a1_7bits:inst9|Mux4 ;
+--------------------+-----------+---------------+----------------------+------------------------+------------+------------------------------------+


+----------------------------------------------------------+
; Parameter Settings for User Entity Instance: 7485:inst28 ;
+------------------------+-----------+---------------------+
; Parameter Name         ; Value     ; Type                ;
+------------------------+-----------+---------------------+
; DEVICE_FAMILY          ; Cyclone V ; Untyped             ;
; AUTO_CARRY_CHAINS      ; ON        ; AUTO_CARRY          ;
; IGNORE_CARRY_BUFFERS   ; OFF       ; IGNORE_CARRY        ;
; AUTO_CASCADE_CHAINS    ; ON        ; AUTO_CASCADE        ;
; IGNORE_CASCADE_BUFFERS ; OFF       ; IGNORE_CASCADE      ;
+------------------------+-----------+---------------------+
Note: In order to hide this table in the UI and the text report file, please set the "Show Parameter Settings in Synthesis Report" option in "Analysis and Synthesis Settings -> More Settings" to "Off".


+----------------------------------------------+
; Port Connectivity Checks: "f3:inst10|sum:U2" ;
+---------+-------+----------+-----------------+
; Port    ; Type  ; Severity ; Details         ;
+---------+-------+----------+-----------------+
; b[2..1] ; Input ; Info     ; Stuck at VCC    ;
; b[3]    ; Input ; Info     ; Stuck at GND    ;
; b[0]    ; Input ; Info     ; Stuck at GND    ;
+---------+-------+----------+-----------------+


+-------------------------------------------------------------------------------------------------------------------+
; Port Connectivity Checks: "f3:inst10|comparador:U1"                                                               ;
+---------+--------+----------+-------------------------------------------------------------------------------------+
; Port    ; Type   ; Severity ; Details                                                                             ;
+---------+--------+----------+-------------------------------------------------------------------------------------+
; n[2..1] ; Input  ; Info     ; Stuck at GND                                                                        ;
; n[3]    ; Input  ; Info     ; Stuck at VCC                                                                        ;
; n[0]    ; Input  ; Info     ; Stuck at VCC                                                                        ;
; igual   ; Output ; Info     ; Connected to dangling logic. Logic that only feeds a dangling port will be removed. ;
; menor   ; Output ; Info     ; Connected to dangling logic. Logic that only feeds a dangling port will be removed. ;
+---------+--------+----------+-------------------------------------------------------------------------------------+


+-----------------------------------------------------+
; Post-Synthesis Netlist Statistics for Top Partition ;
+-----------------------+-----------------------------+
; Type                  ; Count                       ;
+-----------------------+-----------------------------+
; arriav_lcell_comb     ; 30                          ;
;     arith             ; 5                           ;
;         0 data inputs ; 1                           ;
;         2 data inputs ; 4                           ;
;     extend            ; 4                           ;
;         7 data inputs ; 4                           ;
;     normal            ; 21                          ;
;         0 data inputs ; 1                           ;
;         1 data inputs ; 1                           ;
;         2 data inputs ; 1                           ;
;         3 data inputs ; 6                           ;
;         4 data inputs ; 3                           ;
;         5 data inputs ; 2                           ;
;         6 data inputs ; 7                           ;
; boundary_port         ; 18                          ;
;                       ;                             ;
; Max LUT depth         ; 4.00                        ;
; Average LUT depth     ; 3.01                        ;
+-----------------------+-----------------------------+


+-------------------------------+
; Elapsed Time Per Partition    ;
+----------------+--------------+
; Partition Name ; Elapsed Time ;
+----------------+--------------+
; Top            ; 00:00:00     ;
+----------------+--------------+


+-------------------------------+
; Analysis & Synthesis Messages ;
+-------------------------------+
Info: *******************************************************************
Info: Running Quartus Prime Analysis & Synthesis
    Info: Version 19.1.0 Build 670 09/22/2019 SJ Lite Edition
    Info: Processing started: Thu Sep 10 16:55:45 2020
Info: Command: quartus_map --read_settings_files=on --write_settings_files=off ProyectoDigitales_G3 -c ProyectoDigitales_G3
Warning (18236): Number of processors has not been specified which may cause overloading on shared machines.  Set the global assignment NUM_PARALLEL_PROCESSORS in your QSF to an appropriate value for best performance.
Info (20030): Parallel compilation is enabled and will use 8 of the 8 processors detected
Info (12021): Found 2 design units, including 1 entities, in source file sum.vhd
    Info (12022): Found design unit 1: sum-sol File: C:/Users/kuinc/Desktop/Proyecto digitales/SUM.vhd Line: 12
    Info (12023): Found entity 1: sum File: C:/Users/kuinc/Desktop/Proyecto digitales/SUM.vhd Line: 5
Info (12021): Found 2 design units, including 1 entities, in source file mux_2a1.vhd
    Info (12022): Found design unit 1: mux_2a1-sol File: C:/Users/kuinc/Desktop/Proyecto digitales/MUX_2a1.vhd Line: 12
    Info (12023): Found entity 1: MUX_2a1 File: C:/Users/kuinc/Desktop/Proyecto digitales/MUX_2a1.vhd Line: 5
Info (12021): Found 2 design units, including 1 entities, in source file comparador.vhd
    Info (12022): Found design unit 1: comparador-solucion File: C:/Users/kuinc/Desktop/Proyecto digitales/comparador.vhd Line: 8
    Info (12023): Found entity 1: comparador File: C:/Users/kuinc/Desktop/Proyecto digitales/comparador.vhd Line: 4
Info (12021): Found 2 design units, including 1 entities, in source file mux_4a1.vhd
    Info (12022): Found design unit 1: mux_4a1-sol File: C:/Users/kuinc/Desktop/Proyecto digitales/MUX_4a1.vhd Line: 14
    Info (12023): Found entity 1: MUX_4a1 File: C:/Users/kuinc/Desktop/Proyecto digitales/MUX_4a1.vhd Line: 5
Info (12021): Found 2 design units, including 1 entities, in source file gray_converter.vhd
    Info (12022): Found design unit 1: gray_converter-sol File: C:/Users/kuinc/Desktop/Proyecto digitales/gray_converter.vhd Line: 10
    Info (12023): Found entity 1: gray_converter File: C:/Users/kuinc/Desktop/Proyecto digitales/gray_converter.vhd Line: 5
Info (12021): Found 2 design units, including 1 entities, in source file f3.vhd
    Info (12022): Found design unit 1: f3-sol File: C:/Users/kuinc/Desktop/Proyecto digitales/F3.vhd Line: 10
    Info (12023): Found entity 1: f3 File: C:/Users/kuinc/Desktop/Proyecto digitales/F3.vhd Line: 5
Info (12021): Found 1 design units, including 1 entities, in source file circuito.bdf
    Info (12023): Found entity 1: Circuito
Info (12021): Found 2 design units, including 1 entities, in source file mux_4a1_7bits.vhd
    Info (12022): Found design unit 1: MUX_4a1_7bits-sol File: C:/Users/kuinc/Desktop/Proyecto digitales/MUX_4a1_7bits.vhd Line: 11
    Info (12023): Found entity 1: MUX_4a1_7bits File: C:/Users/kuinc/Desktop/Proyecto digitales/MUX_4a1_7bits.vhd Line: 5
Info (12021): Found 2 design units, including 1 entities, in source file separador.vhd
    Info (12022): Found design unit 1: separador-sol File: C:/Users/kuinc/Desktop/Proyecto digitales/separador.vhd Line: 10
    Info (12023): Found entity 1: separador File: C:/Users/kuinc/Desktop/Proyecto digitales/separador.vhd Line: 5
Info (12021): Found 2 design units, including 1 entities, in source file juntador.vhd
    Info (12022): Found design unit 1: juntador-sol File: C:/Users/kuinc/Desktop/Proyecto digitales/juntador.vhd Line: 10
    Info (12023): Found entity 1: juntador File: C:/Users/kuinc/Desktop/Proyecto digitales/juntador.vhd Line: 5
Info (12021): Found 2 design units, including 1 entities, in source file juntador_1y4.vhd
    Info (12022): Found design unit 1: juntador_1y4-sol File: C:/Users/kuinc/Desktop/Proyecto digitales/juntador_1y4.vhd Line: 11
    Info (12023): Found entity 1: juntador_1y4 File: C:/Users/kuinc/Desktop/Proyecto digitales/juntador_1y4.vhd Line: 5
Info (12021): Found 2 design units, including 1 entities, in source file juntador_3y5.vhd
    Info (12022): Found design unit 1: juntador_3y5-sol File: C:/Users/kuinc/Desktop/Proyecto digitales/juntador_3y5.vhd Line: 10
    Info (12023): Found entity 1: juntador_3y5 File: C:/Users/kuinc/Desktop/Proyecto digitales/juntador_3y5.vhd Line: 5
Info (12127): Elaborating entity "Circuito" for the top level hierarchy
Info (12128): Elaborating entity "MUX_4a1_7bits" for hierarchy "MUX_4a1_7bits:inst9"
Info (12128): Elaborating entity "juntador" for hierarchy "juntador:inst11"
Info (12128): Elaborating entity "sum" for hierarchy "sum:inst1"
Info (12128): Elaborating entity "f3" for hierarchy "f3:inst10"
Warning (10036): Verilog HDL or VHDL warning at F3.vhd(13): object "igual" assigned a value but never read File: C:/Users/kuinc/Desktop/Proyecto digitales/F3.vhd Line: 13
Warning (10036): Verilog HDL or VHDL warning at F3.vhd(13): object "menor" assigned a value but never read File: C:/Users/kuinc/Desktop/Proyecto digitales/F3.vhd Line: 13
Info (12128): Elaborating entity "comparador" for hierarchy "f3:inst10|comparador:U1" File: C:/Users/kuinc/Desktop/Proyecto digitales/F3.vhd Line: 36
Info (12128): Elaborating entity "MUX_2a1" for hierarchy "f3:inst10|MUX_2a1:U4" File: C:/Users/kuinc/Desktop/Proyecto digitales/F3.vhd Line: 38
Info (12128): Elaborating entity "juntador_3y5" for hierarchy "juntador_3y5:inst21"
Info (12128): Elaborating entity "gray_converter" for hierarchy "gray_converter:inst"
Info (12128): Elaborating entity "juntador_1y4" for hierarchy "juntador_1y4:inst20"
Info (12128): Elaborating entity "MUX_2a1" for hierarchy "MUX_2a1:inst42"
Info (12128): Elaborating entity "7485" for hierarchy "7485:inst28"
Info (12130): Elaborated megafunction instantiation "7485:inst28"
Info (12128): Elaborating entity "f7485" for hierarchy "7485:inst28|f7485:sub" File: c:/intelfpga_lite/19.1/quartus/libraries/others/maxplus2/7485.tdf Line: 27
Info (12131): Elaborated megafunction instantiation "7485:inst28|f7485:sub", which is child of megafunction instantiation "7485:inst28" File: c:/intelfpga_lite/19.1/quartus/libraries/others/maxplus2/7485.tdf Line: 27
Info (12128): Elaborating entity "separador" for hierarchy "separador:inst19"
Info (12128): Elaborating entity "7483" for hierarchy "7483:inst29"
Info (12130): Elaborated megafunction instantiation "7483:inst29"
Info (12128): Elaborating entity "7404" for hierarchy "7404:inst31"
Info (12130): Elaborated megafunction instantiation "7404:inst31"
Warning (13024): Output pins are stuck at VCC or GND
    Warning (13410): Pin "S[7]" is stuck at GND
Info (286030): Timing-Driven Synthesis is running
Info (16010): Generating hard_block partition "hard_block:auto_generated_inst"
    Info (16011): Adding 0 node(s), including 0 DDIO, 0 PLL, 0 transceiver and 0 LCELL
Info (21057): Implemented 46 device resources after synthesis - the final resource count might be different
    Info (21058): Implemented 10 input pins
    Info (21059): Implemented 8 output pins
    Info (21061): Implemented 28 logic cells
Info: Quartus Prime Analysis & Synthesis was successful. 0 errors, 5 warnings
    Info: Peak virtual memory: 4862 megabytes
    Info: Processing ended: Thu Sep 10 16:55:59 2020
    Info: Elapsed time: 00:00:14
    Info: Total CPU time (on all processors): 00:00:32


